<?xml version="1.0" encoding="UTF-8"?>
<testng-results ignored="0" total="1" passed="1" failed="0" skipped="0">
  <reporter-output>
    <line>
      <![CDATA[Supplier-00000001553     Supplier-00000001553]]>
    </line>
    <line>
      <![CDATA[Customer-00000002717     Customer-00000002717]]>
    </line>
  </reporter-output>
  <suite started-at="2024-02-22T17:22:05 IST" name="Surefire suite" finished-at="2024-02-22T17:22:49 IST" duration-ms="44493">
    <groups>
    </groups>
    <test started-at="2024-02-22T17:22:05 IST" name="Surefire test" finished-at="2024-02-22T17:22:49 IST" duration-ms="44493">
      <class name="driverFactory.AppTest">
        <test-method signature="kickStart()[pri:0, instance:driverFactory.AppTest@43ee72e6]" started-at="2024-02-22T17:22:05 IST" name="kickStart" finished-at="2024-02-22T17:22:49 IST" duration-ms="44431" status="PASS">
          <reporter-output>
            <line>
              <![CDATA[Supplier-00000001553     Supplier-00000001553]]>
            </line>
            <line>
              <![CDATA[Customer-00000002717     Customer-00000002717]]>
            </line>
          </reporter-output>
        </test-method> <!-- kickStart -->
      </class> <!-- driverFactory.AppTest -->
    </test> <!-- Surefire test -->
  </suite> <!-- Surefire suite -->
</testng-results>
